2024-06-19T20:46:02.866+02:00  INFO 14836 --- [main] com.EatEasy.EatEasyApplication           : Starting EatEasyApplication using Java 19.0.2 with PID 14836 (C:\Users\DELL E6530\OneDrive\Escritorio\DAW2\ENTORNO SERVIDOR\EatEasy\build\classes\java\main started by DELL E6530 in C:\Users\DELL E6530\OneDrive\Escritorio\DAW2\ENTORNO SERVIDOR\EatEasy)
2024-06-19T20:46:02.879+02:00  INFO 14836 --- [main] com.EatEasy.EatEasyApplication           : No active profile set, falling back to 1 default profile: "default"
2024-06-19T20:46:05.381+02:00  INFO 14836 --- [main] .s.d.r.c.RepositoryConfigurationDelegate : Multiple Spring Data modules found, entering strict repository configuration mode
2024-06-19T20:46:05.383+02:00  INFO 14836 --- [main] .s.d.r.c.RepositoryConfigurationDelegate : Bootstrapping Spring Data JDBC repositories in DEFAULT mode.
2024-06-19T20:46:05.458+02:00  INFO 14836 --- [main] .RepositoryConfigurationExtensionSupport : Spring Data JDBC - Could not safely identify store assignment for repository candidate interface com.EatEasy.Repository.BookingRepository; If you want this repository to be a JDBC repository, consider annotating your entities with one of these annotations: org.springframework.data.relational.core.mapping.Table.
2024-06-19T20:46:05.461+02:00  INFO 14836 --- [main] .RepositoryConfigurationExtensionSupport : Spring Data JDBC - Could not safely identify store assignment for repository candidate interface com.EatEasy.Repository.FavoriteRestaurantRepository; If you want this repository to be a JDBC repository, consider annotating your entities with one of these annotations: org.springframework.data.relational.core.mapping.Table.
2024-06-19T20:46:05.464+02:00  INFO 14836 --- [main] .RepositoryConfigurationExtensionSupport : Spring Data JDBC - Could not safely identify store assignment for repository candidate interface com.EatEasy.Repository.ImageRepository; If you want this repository to be a JDBC repository, consider annotating your entities with one of these annotations: org.springframework.data.relational.core.mapping.Table.
2024-06-19T20:46:05.467+02:00  INFO 14836 --- [main] .RepositoryConfigurationExtensionSupport : Spring Data JDBC - Could not safely identify store assignment for repository candidate interface com.EatEasy.Repository.OwnerRepository; If you want this repository to be a JDBC repository, consider annotating your entities with one of these annotations: org.springframework.data.relational.core.mapping.Table.
2024-06-19T20:46:05.470+02:00  INFO 14836 --- [main] .RepositoryConfigurationExtensionSupport : Spring Data JDBC - Could not safely identify store assignment for repository candidate interface com.EatEasy.Repository.RestaurantRepository; If you want this repository to be a JDBC repository, consider annotating your entities with one of these annotations: org.springframework.data.relational.core.mapping.Table.
2024-06-19T20:46:05.473+02:00  INFO 14836 --- [main] .RepositoryConfigurationExtensionSupport : Spring Data JDBC - Could not safely identify store assignment for repository candidate interface com.EatEasy.Repository.ReviewRepository; If you want this repository to be a JDBC repository, consider annotating your entities with one of these annotations: org.springframework.data.relational.core.mapping.Table.
2024-06-19T20:46:05.478+02:00  INFO 14836 --- [main] .RepositoryConfigurationExtensionSupport : Spring Data JDBC - Could not safely identify store assignment for repository candidate interface com.EatEasy.Repository.UserDetailsRepository; If you want this repository to be a JDBC repository, consider annotating your entities with one of these annotations: org.springframework.data.relational.core.mapping.Table.
2024-06-19T20:46:05.482+02:00  INFO 14836 --- [main] .s.d.r.c.RepositoryConfigurationDelegate : Finished Spring Data repository scanning in 88 ms. Found 0 JDBC repository interfaces.
2024-06-19T20:46:05.496+02:00  INFO 14836 --- [main] .s.d.r.c.RepositoryConfigurationDelegate : Multiple Spring Data modules found, entering strict repository configuration mode
2024-06-19T20:46:05.497+02:00  INFO 14836 --- [main] .s.d.r.c.RepositoryConfigurationDelegate : Bootstrapping Spring Data JPA repositories in DEFAULT mode.
2024-06-19T20:46:05.579+02:00  INFO 14836 --- [main] .s.d.r.c.RepositoryConfigurationDelegate : Finished Spring Data repository scanning in 76 ms. Found 7 JPA repository interfaces.
2024-06-19T20:46:07.947+02:00  INFO 14836 --- [main] o.s.b.w.embedded.tomcat.TomcatWebServer  : Tomcat initialized with port 8080 (http)
2024-06-19T20:46:07.974+02:00  INFO 14836 --- [main] o.apache.catalina.core.StandardService   : Starting service [Tomcat]
2024-06-19T20:46:07.974+02:00  INFO 14836 --- [main] o.apache.catalina.core.StandardEngine    : Starting Servlet engine: [Apache Tomcat/10.1.19]
2024-06-19T20:46:08.153+02:00  INFO 14836 --- [main] o.a.c.c.C.[Tomcat].[localhost].[/]       : Initializing Spring embedded WebApplicationContext
2024-06-19T20:46:08.153+02:00  INFO 14836 --- [main] w.s.c.ServletWebServerApplicationContext : Root WebApplicationContext: initialization completed in 5131 ms
2024-06-19T20:46:08.476+02:00  INFO 14836 --- [main] o.hibernate.jpa.internal.util.LogHelper  : HHH000204: Processing PersistenceUnitInfo [name: default]
2024-06-19T20:46:08.609+02:00  INFO 14836 --- [main] org.hibernate.Version                    : HHH000412: Hibernate ORM core version 6.4.4.Final
2024-06-19T20:46:08.678+02:00  INFO 14836 --- [main] o.h.c.internal.RegionFactoryInitiator    : HHH000026: Second-level cache disabled
2024-06-19T20:46:09.170+02:00  INFO 14836 --- [main] o.s.o.j.p.SpringPersistenceUnitInfo      : No LoadTimeWeaver setup: ignoring JPA class transformer
2024-06-19T20:46:09.220+02:00  INFO 14836 --- [main] com.zaxxer.hikari.HikariDataSource       : HikariPool-1 - Starting...
2024-06-19T20:46:09.795+02:00  INFO 14836 --- [main] com.zaxxer.hikari.pool.HikariPool        : HikariPool-1 - Added connection com.mysql.cj.jdbc.ConnectionImpl@37986daf
2024-06-19T20:46:09.804+02:00  INFO 14836 --- [main] com.zaxxer.hikari.HikariDataSource       : HikariPool-1 - Start completed.
2024-06-19T20:46:09.851+02:00  WARN 14836 --- [main] org.hibernate.orm.deprecation            : HHH90000025: MySQL8Dialect does not need to be specified explicitly using 'hibernate.dialect' (remove the property setting and it will be selected by default)
2024-06-19T20:46:09.853+02:00  WARN 14836 --- [main] org.hibernate.orm.deprecation            : HHH90000026: MySQL8Dialect has been deprecated; use org.hibernate.dialect.MySQLDialect instead
2024-06-19T20:46:11.624+02:00  INFO 14836 --- [main] o.h.e.t.j.p.i.JtaPlatformInitiator       : HHH000489: No JTA platform available (set 'hibernate.transaction.jta.platform' to enable JTA platform integration)
2024-06-19T20:46:12.135+02:00  INFO 14836 --- [main] j.LocalContainerEntityManagerFactoryBean : Initialized JPA EntityManagerFactory for persistence unit 'default'
2024-06-19T20:46:12.961+02:00  WARN 14836 --- [main] JpaBaseConfiguration$JpaWebConfiguration : spring.jpa.open-in-view is enabled by default. Therefore, database queries may be performed during view rendering. Explicitly configure spring.jpa.open-in-view to disable this warning
2024-06-19T20:46:14.039+02:00  INFO 14836 --- [main] o.s.s.web.DefaultSecurityFilterChain     : Will secure any request with [org.springframework.security.web.session.DisableEncodeUrlFilter@3d72abea, org.springframework.security.web.context.request.async.WebAsyncManagerIntegrationFilter@6a495d88, org.springframework.security.web.context.SecurityContextHolderFilter@2c9af700, org.springframework.security.web.header.HeaderWriterFilter@198a653, org.springframework.web.filter.CorsFilter@45ea6c24, org.springframework.security.web.authentication.logout.LogoutFilter@65130cf2, com.EatEasy.auth.JwtAuthenticationFilter@7890324e, org.springframework.security.web.savedrequest.RequestCacheAwareFilter@63e54c66, org.springframework.security.web.servletapi.SecurityContextHolderAwareRequestFilter@5246453e, org.springframework.security.web.authentication.AnonymousAuthenticationFilter@51f31fad, org.springframework.security.web.session.SessionManagementFilter@7c1f3125, org.springframework.security.web.access.ExceptionTranslationFilter@5f606ab6, org.springframework.security.web.access.intercept.AuthorizationFilter@67c61551]
2024-06-19T20:46:15.279+02:00  INFO 14836 --- [main] o.s.b.w.embedded.tomcat.TomcatWebServer  : Tomcat started on port 8080 (http) with context path ''
2024-06-19T20:46:15.293+02:00  INFO 14836 --- [main] com.EatEasy.EatEasyApplication           : Started EatEasyApplication in 13.14 seconds (process running for 15.177)
2024-06-19T20:50:02.894+02:00  INFO 14836 --- [SpringApplicationShutdownHook] j.LocalContainerEntityManagerFactoryBean : Closing JPA EntityManagerFactory for persistence unit 'default'
2024-06-19T20:50:02.898+02:00  INFO 14836 --- [SpringApplicationShutdownHook] com.zaxxer.hikari.HikariDataSource       : HikariPool-1 - Shutdown initiated...
2024-06-19T20:50:02.921+02:00  INFO 14836 --- [SpringApplicationShutdownHook] com.zaxxer.hikari.HikariDataSource       : HikariPool-1 - Shutdown completed.
2024-06-19T20:50:25.871+02:00  INFO 12476 --- [main] com.EatEasy.EatEasyApplication           : Starting EatEasyApplication using Java 19.0.2 with PID 12476 (C:\Users\DELL E6530\OneDrive\Escritorio\DAW2\ENTORNO SERVIDOR\EatEasy\build\classes\java\main started by DELL E6530 in C:\Users\DELL E6530\OneDrive\Escritorio\DAW2\ENTORNO SERVIDOR\EatEasy)
2024-06-19T20:50:25.876+02:00  INFO 12476 --- [main] com.EatEasy.EatEasyApplication           : No active profile set, falling back to 1 default profile: "default"
2024-06-19T20:50:27.688+02:00  INFO 12476 --- [main] .s.d.r.c.RepositoryConfigurationDelegate : Multiple Spring Data modules found, entering strict repository configuration mode
2024-06-19T20:50:27.690+02:00  INFO 12476 --- [main] .s.d.r.c.RepositoryConfigurationDelegate : Bootstrapping Spring Data JDBC repositories in DEFAULT mode.
2024-06-19T20:50:27.746+02:00  INFO 12476 --- [main] .RepositoryConfigurationExtensionSupport : Spring Data JDBC - Could not safely identify store assignment for repository candidate interface com.EatEasy.Repository.BookingRepository; If you want this repository to be a JDBC repository, consider annotating your entities with one of these annotations: org.springframework.data.relational.core.mapping.Table.
2024-06-19T20:50:27.748+02:00  INFO 12476 --- [main] .RepositoryConfigurationExtensionSupport : Spring Data JDBC - Could not safely identify store assignment for repository candidate interface com.EatEasy.Repository.FavoriteRestaurantRepository; If you want this repository to be a JDBC repository, consider annotating your entities with one of these annotations: org.springframework.data.relational.core.mapping.Table.
2024-06-19T20:50:27.751+02:00  INFO 12476 --- [main] .RepositoryConfigurationExtensionSupport : Spring Data JDBC - Could not safely identify store assignment for repository candidate interface com.EatEasy.Repository.ImageRepository; If you want this repository to be a JDBC repository, consider annotating your entities with one of these annotations: org.springframework.data.relational.core.mapping.Table.
2024-06-19T20:50:27.753+02:00  INFO 12476 --- [main] .RepositoryConfigurationExtensionSupport : Spring Data JDBC - Could not safely identify store assignment for repository candidate interface com.EatEasy.Repository.OwnerRepository; If you want this repository to be a JDBC repository, consider annotating your entities with one of these annotations: org.springframework.data.relational.core.mapping.Table.
2024-06-19T20:50:27.756+02:00  INFO 12476 --- [main] .RepositoryConfigurationExtensionSupport : Spring Data JDBC - Could not safely identify store assignment for repository candidate interface com.EatEasy.Repository.RestaurantRepository; If you want this repository to be a JDBC repository, consider annotating your entities with one of these annotations: org.springframework.data.relational.core.mapping.Table.
2024-06-19T20:50:27.758+02:00  INFO 12476 --- [main] .RepositoryConfigurationExtensionSupport : Spring Data JDBC - Could not safely identify store assignment for repository candidate interface com.EatEasy.Repository.ReviewRepository; If you want this repository to be a JDBC repository, consider annotating your entities with one of these annotations: org.springframework.data.relational.core.mapping.Table.
2024-06-19T20:50:27.763+02:00  INFO 12476 --- [main] .RepositoryConfigurationExtensionSupport : Spring Data JDBC - Could not safely identify store assignment for repository candidate interface com.EatEasy.Repository.UserDetailsRepository; If you want this repository to be a JDBC repository, consider annotating your entities with one of these annotations: org.springframework.data.relational.core.mapping.Table.
2024-06-19T20:50:27.764+02:00  INFO 12476 --- [main] .s.d.r.c.RepositoryConfigurationDelegate : Finished Spring Data repository scanning in 67 ms. Found 0 JDBC repository interfaces.
2024-06-19T20:50:27.808+02:00  INFO 12476 --- [main] .s.d.r.c.RepositoryConfigurationDelegate : Multiple Spring Data modules found, entering strict repository configuration mode
2024-06-19T20:50:27.810+02:00  INFO 12476 --- [main] .s.d.r.c.RepositoryConfigurationDelegate : Bootstrapping Spring Data JPA repositories in DEFAULT mode.
2024-06-19T20:50:27.879+02:00  INFO 12476 --- [main] .s.d.r.c.RepositoryConfigurationDelegate : Finished Spring Data repository scanning in 62 ms. Found 7 JPA repository interfaces.
2024-06-19T20:50:28.997+02:00  INFO 12476 --- [main] o.s.b.w.embedded.tomcat.TomcatWebServer  : Tomcat initialized with port 8080 (http)
2024-06-19T20:50:29.019+02:00  INFO 12476 --- [main] o.apache.catalina.core.StandardService   : Starting service [Tomcat]
2024-06-19T20:50:29.019+02:00  INFO 12476 --- [main] o.apache.catalina.core.StandardEngine    : Starting Servlet engine: [Apache Tomcat/10.1.19]
2024-06-19T20:50:29.143+02:00  INFO 12476 --- [main] o.a.c.c.C.[Tomcat].[localhost].[/]       : Initializing Spring embedded WebApplicationContext
2024-06-19T20:50:29.144+02:00  INFO 12476 --- [main] w.s.c.ServletWebServerApplicationContext : Root WebApplicationContext: initialization completed in 3151 ms
2024-06-19T20:50:29.402+02:00  INFO 12476 --- [main] o.hibernate.jpa.internal.util.LogHelper  : HHH000204: Processing PersistenceUnitInfo [name: default]
2024-06-19T20:50:29.537+02:00  INFO 12476 --- [main] org.hibernate.Version                    : HHH000412: Hibernate ORM core version 6.4.4.Final
2024-06-19T20:50:29.739+02:00  INFO 12476 --- [main] o.h.c.internal.RegionFactoryInitiator    : HHH000026: Second-level cache disabled
2024-06-19T20:50:30.252+02:00  INFO 12476 --- [main] o.s.o.j.p.SpringPersistenceUnitInfo      : No LoadTimeWeaver setup: ignoring JPA class transformer
2024-06-19T20:50:30.317+02:00  INFO 12476 --- [main] com.zaxxer.hikari.HikariDataSource       : HikariPool-1 - Starting...
2024-06-19T20:50:30.717+02:00  INFO 12476 --- [main] com.zaxxer.hikari.pool.HikariPool        : HikariPool-1 - Added connection com.mysql.cj.jdbc.ConnectionImpl@6df2a206
2024-06-19T20:50:30.721+02:00  INFO 12476 --- [main] com.zaxxer.hikari.HikariDataSource       : HikariPool-1 - Start completed.
2024-06-19T20:50:30.763+02:00  WARN 12476 --- [main] org.hibernate.orm.deprecation            : HHH90000025: MySQL8Dialect does not need to be specified explicitly using 'hibernate.dialect' (remove the property setting and it will be selected by default)
2024-06-19T20:50:30.764+02:00  WARN 12476 --- [main] org.hibernate.orm.deprecation            : HHH90000026: MySQL8Dialect has been deprecated; use org.hibernate.dialect.MySQLDialect instead
2024-06-19T20:50:32.999+02:00  INFO 12476 --- [main] o.h.e.t.j.p.i.JtaPlatformInitiator       : HHH000489: No JTA platform available (set 'hibernate.transaction.jta.platform' to enable JTA platform integration)
2024-06-19T20:50:33.272+02:00  INFO 12476 --- [main] j.LocalContainerEntityManagerFactoryBean : Initialized JPA EntityManagerFactory for persistence unit 'default'
2024-06-19T20:50:34.402+02:00  WARN 12476 --- [main] JpaBaseConfiguration$JpaWebConfiguration : spring.jpa.open-in-view is enabled by default. Therefore, database queries may be performed during view rendering. Explicitly configure spring.jpa.open-in-view to disable this warning
2024-06-19T20:50:35.764+02:00  INFO 12476 --- [main] o.s.s.web.DefaultSecurityFilterChain     : Will secure any request with [org.springframework.security.web.session.DisableEncodeUrlFilter@67544105, org.springframework.security.web.context.request.async.WebAsyncManagerIntegrationFilter@6421e9e7, org.springframework.security.web.context.SecurityContextHolderFilter@647d3279, org.springframework.security.web.header.HeaderWriterFilter@3eb7ff78, org.springframework.web.filter.CorsFilter@552b7481, org.springframework.security.web.authentication.logout.LogoutFilter@75128cf, com.EatEasy.auth.JwtAuthenticationFilter@44a1ae4e, org.springframework.security.web.savedrequest.RequestCacheAwareFilter@54b313d6, org.springframework.security.web.servletapi.SecurityContextHolderAwareRequestFilter@2643caa6, org.springframework.security.web.authentication.AnonymousAuthenticationFilter@475b796d, org.springframework.security.web.session.SessionManagementFilter@33a39d7e, org.springframework.security.web.access.ExceptionTranslationFilter@3d00c2ae, org.springframework.security.web.access.intercept.AuthorizationFilter@7e092ca]
2024-06-19T20:50:36.996+02:00  INFO 12476 --- [main] o.s.b.w.embedded.tomcat.TomcatWebServer  : Tomcat started on port 8080 (http) with context path ''
2024-06-19T20:50:37.022+02:00  INFO 12476 --- [main] com.EatEasy.EatEasyApplication           : Started EatEasyApplication in 12.188 seconds (process running for 14.263)
2024-06-19T20:51:05.216+02:00  INFO 12476 --- [http-nio-8080-exec-1] o.a.c.c.C.[Tomcat].[localhost].[/]       : Initializing Spring DispatcherServlet 'dispatcherServlet'
2024-06-19T20:51:05.217+02:00  INFO 12476 --- [http-nio-8080-exec-1] o.s.web.servlet.DispatcherServlet        : Initializing Servlet 'dispatcherServlet'
2024-06-19T20:51:05.222+02:00  INFO 12476 --- [http-nio-8080-exec-1] o.s.web.servlet.DispatcherServlet        : Completed initialization in 5 ms
2024-06-19T20:56:08.986+02:00  INFO 12476 --- [http-nio-8080-exec-6] c.E.Controllers.RestaurantController     : getAllRestaurants
2024-06-19T20:56:20.258+02:00  INFO 12476 --- [http-nio-8080-exec-7] c.E.Controllers.RestaurantController     : getAllRestaurants
2024-06-19T20:57:02.640+02:00  INFO 12476 --- [http-nio-8080-exec-9] c.E.Controllers.RestaurantController     : getAllRestaurants
2024-06-19T20:57:03.736+02:00  INFO 12476 --- [http-nio-8080-exec-10] c.E.Controllers.RestaurantController     : getRestaurantById
2024-06-19T20:58:08.961+02:00  INFO 12476 --- [http-nio-8080-exec-7] c.E.Controllers.RestaurantController     : createRestaurant
2024-06-19T20:58:47.418+02:00  INFO 12476 --- [http-nio-8080-exec-8] c.E.Controllers.RestaurantController     : getRestaurantById
2024-06-19T20:59:02.690+02:00  INFO 12476 --- [http-nio-8080-exec-4] c.E.Controllers.RestaurantController     : getAllRestaurants
2024-06-19T20:59:07.597+02:00  INFO 12476 --- [http-nio-8080-exec-6] c.E.Controllers.RestaurantController     : getRestaurantById
2024-06-19T20:59:07.676+02:00  INFO 12476 --- [http-nio-8080-exec-10] c.EatEasy.Controllers.ReviewController   : getUserProfilePictureByReviewId
2024-06-19T20:59:07.678+02:00  INFO 12476 --- [http-nio-8080-exec-8] c.EatEasy.Controllers.ReviewController   : getUserNameByReviewId
2024-06-19T20:59:07.693+02:00  INFO 12476 --- [http-nio-8080-exec-5] c.EatEasy.Controllers.ReviewController   : getUserNameByReviewId
2024-06-19T20:59:07.694+02:00  INFO 12476 --- [http-nio-8080-exec-1] c.EatEasy.Controllers.ReviewController   : getUserNameByReviewId
2024-06-19T20:59:07.697+02:00  INFO 12476 --- [http-nio-8080-exec-2] c.EatEasy.Controllers.ReviewController   : getUserProfilePictureByReviewId
2024-06-19T20:59:07.694+02:00  INFO 12476 --- [http-nio-8080-exec-3] c.EatEasy.Controllers.ReviewController   : getUserProfilePictureByReviewId
2024-06-19T20:59:07.718+02:00  INFO 12476 --- [http-nio-8080-exec-1] c.EatEasy.Controllers.ReviewController   : getUserNameByReviewId
2024-06-19T20:59:07.720+02:00  INFO 12476 --- [http-nio-8080-exec-7] c.EatEasy.Controllers.ReviewController   : getUserProfilePictureByReviewId
2024-06-19T20:59:07.747+02:00  INFO 12476 --- [http-nio-8080-exec-9] c.EatEasy.Controllers.ReviewController   : getUserProfilePictureByReviewId
2024-06-19T20:59:07.748+02:00  INFO 12476 --- [http-nio-8080-exec-10] c.EatEasy.Controllers.ReviewController   : getUserNameByReviewId
2024-06-19T20:59:07.750+02:00  INFO 12476 --- [http-nio-8080-exec-6] c.EatEasy.Controllers.ReviewController   : getUserNameByReviewId
2024-06-19T20:59:07.752+02:00  INFO 12476 --- [http-nio-8080-exec-2] c.EatEasy.Controllers.ReviewController   : getUserProfilePictureByReviewId
2024-06-19T20:59:10.582+02:00  INFO 12476 --- [http-nio-8080-exec-2] c.E.Controllers.RestaurantController     : getRestaurantById
2024-06-19T21:03:30.492+02:00  INFO 12476 --- [http-nio-8080-exec-7] c.E.Controllers.RestaurantController     : getRestaurantById
2024-06-19T21:03:30.675+02:00  INFO 12476 --- [http-nio-8080-exec-5] c.EatEasy.Controllers.ReviewController   : getUserNameByReviewId
2024-06-19T21:03:30.678+02:00  INFO 12476 --- [http-nio-8080-exec-1] c.EatEasy.Controllers.ReviewController   : getUserProfilePictureByReviewId
2024-06-19T21:03:30.690+02:00  INFO 12476 --- [http-nio-8080-exec-10] c.EatEasy.Controllers.ReviewController   : getUserNameByReviewId
2024-06-19T21:03:30.698+02:00  INFO 12476 --- [http-nio-8080-exec-2] c.EatEasy.Controllers.ReviewController   : getUserProfilePictureByReviewId
2024-06-19T21:03:30.704+02:00  INFO 12476 --- [http-nio-8080-exec-9] c.EatEasy.Controllers.ReviewController   : getUserNameByReviewId
2024-06-19T21:03:30.706+02:00  INFO 12476 --- [http-nio-8080-exec-8] c.EatEasy.Controllers.ReviewController   : getUserProfilePictureByReviewId
2024-06-19T21:03:30.728+02:00  INFO 12476 --- [http-nio-8080-exec-3] c.EatEasy.Controllers.ReviewController   : getUserProfilePictureByReviewId
2024-06-19T21:03:30.730+02:00  INFO 12476 --- [http-nio-8080-exec-7] c.EatEasy.Controllers.ReviewController   : getUserNameByReviewId
2024-06-19T21:03:30.731+02:00  INFO 12476 --- [http-nio-8080-exec-4] c.EatEasy.Controllers.ReviewController   : getUserNameByReviewId
2024-06-19T21:03:30.732+02:00  INFO 12476 --- [http-nio-8080-exec-9] c.EatEasy.Controllers.ReviewController   : getUserNameByReviewId
2024-06-19T21:03:30.736+02:00  INFO 12476 --- [http-nio-8080-exec-6] c.EatEasy.Controllers.ReviewController   : getUserProfilePictureByReviewId
2024-06-19T21:03:30.750+02:00  INFO 12476 --- [http-nio-8080-exec-8] c.EatEasy.Controllers.ReviewController   : getUserProfilePictureByReviewId
2024-06-19T21:03:32.317+02:00  INFO 12476 --- [http-nio-8080-exec-2] c.E.Controllers.RestaurantController     : getAllRestaurants
2024-06-19T21:03:40.062+02:00  INFO 12476 --- [http-nio-8080-exec-10] c.E.Controllers.RestaurantController     : getRestaurantById
2024-06-19T21:04:42.553+02:00  INFO 12476 --- [http-nio-8080-exec-3] c.E.Controllers.RestaurantController     : getAllRestaurants
2024-06-19T21:04:52.853+02:00  INFO 12476 --- [http-nio-8080-exec-4] c.E.Controllers.RestaurantController     : getRestaurantById
2024-06-19T21:05:11.749+02:00  INFO 12476 --- [http-nio-8080-exec-8] c.E.Controllers.RestaurantController     : patchGeneralRestaurant
2024-06-19T21:05:11.906+02:00  INFO 12476 --- [http-nio-8080-exec-7] c.E.Controllers.RestaurantController     : getAllRestaurants
2024-06-19T21:05:15.155+02:00  INFO 12476 --- [http-nio-8080-exec-10] c.E.Controllers.RestaurantController     : getRestaurantById
2024-06-19T21:05:15.156+02:00  INFO 12476 --- [http-nio-8080-exec-1] c.E.C.FavoriteRestaurantController       : Checking if restaurant with ID 41 is a favorite
2024-06-19T21:36:17.017+02:00  INFO 12476 --- [SpringApplicationShutdownHook] j.LocalContainerEntityManagerFactoryBean : Closing JPA EntityManagerFactory for persistence unit 'default'
2024-06-19T21:36:17.025+02:00  INFO 12476 --- [SpringApplicationShutdownHook] com.zaxxer.hikari.HikariDataSource       : HikariPool-1 - Shutdown initiated...
2024-06-19T21:36:17.033+02:00  INFO 12476 --- [SpringApplicationShutdownHook] com.zaxxer.hikari.HikariDataSource       : HikariPool-1 - Shutdown completed.
2024-06-19T21:36:29.430+02:00  INFO 2824 --- [main] com.EatEasy.EatEasyApplication           : Starting EatEasyApplication using Java 19.0.2 with PID 2824 (C:\Users\DELL E6530\OneDrive\Escritorio\DAW2\ENTORNO SERVIDOR\EatEasy\build\classes\java\main started by DELL E6530 in C:\Users\DELL E6530\OneDrive\Escritorio\DAW2\ENTORNO SERVIDOR\EatEasy)
2024-06-19T21:36:29.433+02:00  INFO 2824 --- [main] com.EatEasy.EatEasyApplication           : No active profile set, falling back to 1 default profile: "default"
2024-06-19T21:36:30.749+02:00  INFO 2824 --- [main] .s.d.r.c.RepositoryConfigurationDelegate : Multiple Spring Data modules found, entering strict repository configuration mode
2024-06-19T21:36:30.751+02:00  INFO 2824 --- [main] .s.d.r.c.RepositoryConfigurationDelegate : Bootstrapping Spring Data JDBC repositories in DEFAULT mode.
2024-06-19T21:36:30.809+02:00  INFO 2824 --- [main] .RepositoryConfigurationExtensionSupport : Spring Data JDBC - Could not safely identify store assignment for repository candidate interface com.EatEasy.Repository.BookingRepository; If you want this repository to be a JDBC repository, consider annotating your entities with one of these annotations: org.springframework.data.relational.core.mapping.Table.
2024-06-19T21:36:30.811+02:00  INFO 2824 --- [main] .RepositoryConfigurationExtensionSupport : Spring Data JDBC - Could not safely identify store assignment for repository candidate interface com.EatEasy.Repository.FavoriteRestaurantRepository; If you want this repository to be a JDBC repository, consider annotating your entities with one of these annotations: org.springframework.data.relational.core.mapping.Table.
2024-06-19T21:36:30.813+02:00  INFO 2824 --- [main] .RepositoryConfigurationExtensionSupport : Spring Data JDBC - Could not safely identify store assignment for repository candidate interface com.EatEasy.Repository.ImageRepository; If you want this repository to be a JDBC repository, consider annotating your entities with one of these annotations: org.springframework.data.relational.core.mapping.Table.
2024-06-19T21:36:30.816+02:00  INFO 2824 --- [main] .RepositoryConfigurationExtensionSupport : Spring Data JDBC - Could not safely identify store assignment for repository candidate interface com.EatEasy.Repository.OwnerRepository; If you want this repository to be a JDBC repository, consider annotating your entities with one of these annotations: org.springframework.data.relational.core.mapping.Table.
2024-06-19T21:36:30.819+02:00  INFO 2824 --- [main] .RepositoryConfigurationExtensionSupport : Spring Data JDBC - Could not safely identify store assignment for repository candidate interface com.EatEasy.Repository.RestaurantRepository; If you want this repository to be a JDBC repository, consider annotating your entities with one of these annotations: org.springframework.data.relational.core.mapping.Table.
2024-06-19T21:36:30.821+02:00  INFO 2824 --- [main] .RepositoryConfigurationExtensionSupport : Spring Data JDBC - Could not safely identify store assignment for repository candidate interface com.EatEasy.Repository.ReviewRepository; If you want this repository to be a JDBC repository, consider annotating your entities with one of these annotations: org.springframework.data.relational.core.mapping.Table.
2024-06-19T21:36:30.825+02:00  INFO 2824 --- [main] .RepositoryConfigurationExtensionSupport : Spring Data JDBC - Could not safely identify store assignment for repository candidate interface com.EatEasy.Repository.UserDetailsRepository; If you want this repository to be a JDBC repository, consider annotating your entities with one of these annotations: org.springframework.data.relational.core.mapping.Table.
2024-06-19T21:36:30.825+02:00  INFO 2824 --- [main] .s.d.r.c.RepositoryConfigurationDelegate : Finished Spring Data repository scanning in 68 ms. Found 0 JDBC repository interfaces.
2024-06-19T21:36:30.856+02:00  INFO 2824 --- [main] .s.d.r.c.RepositoryConfigurationDelegate : Multiple Spring Data modules found, entering strict repository configuration mode
2024-06-19T21:36:30.858+02:00  INFO 2824 --- [main] .s.d.r.c.RepositoryConfigurationDelegate : Bootstrapping Spring Data JPA repositories in DEFAULT mode.
2024-06-19T21:36:30.925+02:00  INFO 2824 --- [main] .s.d.r.c.RepositoryConfigurationDelegate : Finished Spring Data repository scanning in 61 ms. Found 7 JPA repository interfaces.
2024-06-19T21:36:31.821+02:00  INFO 2824 --- [main] o.s.b.w.embedded.tomcat.TomcatWebServer  : Tomcat initialized with port 8080 (http)
2024-06-19T21:36:31.841+02:00  INFO 2824 --- [main] o.apache.catalina.core.StandardService   : Starting service [Tomcat]
2024-06-19T21:36:31.842+02:00  INFO 2824 --- [main] o.apache.catalina.core.StandardEngine    : Starting Servlet engine: [Apache Tomcat/10.1.19]
2024-06-19T21:36:31.947+02:00  INFO 2824 --- [main] o.a.c.c.C.[Tomcat].[localhost].[/]       : Initializing Spring embedded WebApplicationContext
2024-06-19T21:36:31.947+02:00  INFO 2824 --- [main] w.s.c.ServletWebServerApplicationContext : Root WebApplicationContext: initialization completed in 2423 ms
2024-06-19T21:36:32.181+02:00  INFO 2824 --- [main] o.hibernate.jpa.internal.util.LogHelper  : HHH000204: Processing PersistenceUnitInfo [name: default]
2024-06-19T21:36:32.300+02:00  INFO 2824 --- [main] org.hibernate.Version                    : HHH000412: Hibernate ORM core version 6.4.4.Final
2024-06-19T21:36:32.359+02:00  INFO 2824 --- [main] o.h.c.internal.RegionFactoryInitiator    : HHH000026: Second-level cache disabled
2024-06-19T21:36:32.785+02:00  INFO 2824 --- [main] o.s.o.j.p.SpringPersistenceUnitInfo      : No LoadTimeWeaver setup: ignoring JPA class transformer
2024-06-19T21:36:32.830+02:00  INFO 2824 --- [main] com.zaxxer.hikari.HikariDataSource       : HikariPool-1 - Starting...
2024-06-19T21:36:33.194+02:00  INFO 2824 --- [main] com.zaxxer.hikari.pool.HikariPool        : HikariPool-1 - Added connection com.mysql.cj.jdbc.ConnectionImpl@2487e20
2024-06-19T21:36:33.198+02:00  INFO 2824 --- [main] com.zaxxer.hikari.HikariDataSource       : HikariPool-1 - Start completed.
2024-06-19T21:36:33.237+02:00  WARN 2824 --- [main] org.hibernate.orm.deprecation            : HHH90000025: MySQL8Dialect does not need to be specified explicitly using 'hibernate.dialect' (remove the property setting and it will be selected by default)
2024-06-19T21:36:33.238+02:00  WARN 2824 --- [main] org.hibernate.orm.deprecation            : HHH90000026: MySQL8Dialect has been deprecated; use org.hibernate.dialect.MySQLDialect instead
2024-06-19T21:36:34.936+02:00  INFO 2824 --- [main] o.h.e.t.j.p.i.JtaPlatformInitiator       : HHH000489: No JTA platform available (set 'hibernate.transaction.jta.platform' to enable JTA platform integration)
2024-06-19T21:36:35.167+02:00  INFO 2824 --- [main] j.LocalContainerEntityManagerFactoryBean : Initialized JPA EntityManagerFactory for persistence unit 'default'
2024-06-19T21:36:35.899+02:00  WARN 2824 --- [main] JpaBaseConfiguration$JpaWebConfiguration : spring.jpa.open-in-view is enabled by default. Therefore, database queries may be performed during view rendering. Explicitly configure spring.jpa.open-in-view to disable this warning
2024-06-19T21:36:36.879+02:00  INFO 2824 --- [main] o.s.s.web.DefaultSecurityFilterChain     : Will secure any request with [org.springframework.security.web.session.DisableEncodeUrlFilter@63e54c66, org.springframework.security.web.context.request.async.WebAsyncManagerIntegrationFilter@5246453e, org.springframework.security.web.context.SecurityContextHolderFilter@77d7d2d0, org.springframework.security.web.header.HeaderWriterFilter@732ae29c, org.springframework.web.filter.CorsFilter@299f9a81, org.springframework.security.web.authentication.logout.LogoutFilter@6d7005e2, com.EatEasy.auth.JwtAuthenticationFilter@6abaa14b, org.springframework.security.web.savedrequest.RequestCacheAwareFilter@5fa0943d, org.springframework.security.web.servletapi.SecurityContextHolderAwareRequestFilter@73bb782d, org.springframework.security.web.authentication.AnonymousAuthenticationFilter@4b19ee18, org.springframework.security.web.session.SessionManagementFilter@18918ab9, org.springframework.security.web.access.ExceptionTranslationFilter@3359217d, org.springframework.security.web.access.intercept.AuthorizationFilter@69eb1f23]
2024-06-19T21:36:37.518+02:00  INFO 2824 --- [main] o.s.b.w.embedded.tomcat.TomcatWebServer  : Tomcat started on port 8080 (http) with context path ''
2024-06-19T21:36:37.532+02:00  INFO 2824 --- [main] com.EatEasy.EatEasyApplication           : Started EatEasyApplication in 8.737 seconds (process running for 10.054)
2024-06-19T21:39:44.208+02:00  INFO 2824 --- [http-nio-8080-exec-1] o.a.c.c.C.[Tomcat].[localhost].[/]       : Initializing Spring DispatcherServlet 'dispatcherServlet'
2024-06-19T21:39:44.209+02:00  INFO 2824 --- [http-nio-8080-exec-1] o.s.web.servlet.DispatcherServlet        : Initializing Servlet 'dispatcherServlet'
2024-06-19T21:39:44.210+02:00  INFO 2824 --- [http-nio-8080-exec-1] o.s.web.servlet.DispatcherServlet        : Completed initialization in 1 ms
2024-06-19T21:39:44.382+02:00  INFO 2824 --- [http-nio-8080-exec-1] c.E.Controllers.RestaurantController     : createRestaurant
2024-06-19T21:39:50.027+02:00  INFO 2824 --- [http-nio-8080-exec-3] c.E.Controllers.RestaurantController     : getAllRestaurants
2024-06-19T21:39:51.536+02:00  INFO 2824 --- [http-nio-8080-exec-4] c.E.Controllers.RestaurantController     : getRestaurantById
2024-06-19T21:39:54.897+02:00  INFO 2824 --- [http-nio-8080-exec-9] c.E.Controllers.RestaurantController     : getRestaurantById
2024-06-19T21:40:43.172+02:00  INFO 2824 --- [http-nio-8080-exec-10] c.E.Controllers.RestaurantController     : getAllRestaurants
2024-06-19T21:40:47.954+02:00  INFO 2824 --- [http-nio-8080-exec-6] c.E.Controllers.RestaurantController     : getRestaurantById
2024-06-19T21:40:47.956+02:00  INFO 2824 --- [http-nio-8080-exec-7] c.E.C.FavoriteRestaurantController       : Checking if restaurant with ID 41 is a favorite
2024-06-19T21:40:54.033+02:00  INFO 2824 --- [http-nio-8080-exec-3] c.E.Controllers.RestaurantController     : getAllRestaurants
2024-06-19T21:40:58.365+02:00  INFO 2824 --- [http-nio-8080-exec-10] c.E.Controllers.RestaurantController     : getRestaurantById
2024-06-19T21:41:13.721+02:00  INFO 2824 --- [http-nio-8080-exec-9] c.E.Controllers.RestaurantController     : patchGeneralRestaurant
2024-06-19T21:41:13.779+02:00  INFO 2824 --- [http-nio-8080-exec-2] c.E.Controllers.RestaurantController     : getAllRestaurants
2024-06-19T21:41:16.897+02:00  INFO 2824 --- [http-nio-8080-exec-3] c.E.Controllers.RestaurantController     : getRestaurantById
2024-06-19T21:41:16.901+02:00  INFO 2824 --- [http-nio-8080-exec-6] c.E.C.FavoriteRestaurantController       : Checking if restaurant with ID 42 is a favorite
2024-06-19T21:41:37.080+02:00  INFO 2824 --- [http-nio-8080-exec-8] c.E.Controllers.RestaurantController     : getAllRestaurants
2024-06-19T21:41:38.996+02:00  INFO 2824 --- [http-nio-8080-exec-2] c.E.Controllers.RestaurantController     : getRestaurantById
2024-06-19T21:41:38.996+02:00  INFO 2824 --- [http-nio-8080-exec-4] c.E.C.FavoriteRestaurantController       : Checking if restaurant with ID 1 is a favorite
2024-06-19T21:41:41.926+02:00  INFO 2824 --- [http-nio-8080-exec-7] c.E.Controllers.RestaurantController     : getRestaurantById
2024-06-19T21:41:41.927+02:00  INFO 2824 --- [http-nio-8080-exec-8] c.E.C.FavoriteRestaurantController       : Checking if restaurant with ID 42 is a favorite
2024-06-19T21:41:50.725+02:00  INFO 2824 --- [http-nio-8080-exec-5] c.EatEasy.Controllers.ReviewController   : createReview
2024-06-19T21:41:50.996+02:00  INFO 2824 --- [http-nio-8080-exec-3] c.E.Controllers.RestaurantController     : getRestaurantById
2024-06-19T21:41:51.003+02:00  INFO 2824 --- [http-nio-8080-exec-7] c.E.C.FavoriteRestaurantController       : Checking if restaurant with ID 42 is a favorite
2024-06-19T21:41:51.140+02:00  INFO 2824 --- [http-nio-8080-exec-4] c.EatEasy.Controllers.ReviewController   : getUserNameByReviewId
2024-06-19T21:41:51.140+02:00  INFO 2824 --- [http-nio-8080-exec-6] c.EatEasy.Controllers.ReviewController   : getUserProfilePictureByReviewId
2024-06-19T21:41:58.942+02:00  INFO 2824 --- [http-nio-8080-exec-9] c.E.C.FavoriteRestaurantController       : createFavoriteRestaurant
2024-06-19T21:41:59.198+02:00  INFO 2824 --- [http-nio-8080-exec-10] c.E.C.FavoriteRestaurantController       : Checking if restaurant with ID 42 is a favorite
2024-06-19T21:41:59.202+02:00  INFO 2824 --- [http-nio-8080-exec-2] c.E.Controllers.RestaurantController     : getRestaurantById
2024-06-19T21:41:59.343+02:00  INFO 2824 --- [http-nio-8080-exec-3] c.EatEasy.Controllers.ReviewController   : getUserNameByReviewId
2024-06-19T21:41:59.346+02:00  INFO 2824 --- [http-nio-8080-exec-7] c.EatEasy.Controllers.ReviewController   : getUserProfilePictureByReviewId
2024-06-19T21:42:07.609+02:00  INFO 2824 --- [http-nio-8080-exec-6] c.E.Controllers.RestaurantController     : getRestaurantById
2024-06-19T21:42:07.615+02:00  INFO 2824 --- [http-nio-8080-exec-3] c.E.C.FavoriteRestaurantController       : Checking if restaurant with ID 42 is a favorite
2024-06-19T21:42:07.691+02:00  INFO 2824 --- [http-nio-8080-exec-5] c.EatEasy.Controllers.ReviewController   : getUserNameByReviewId
2024-06-19T21:42:07.693+02:00  INFO 2824 --- [http-nio-8080-exec-8] c.EatEasy.Controllers.ReviewController   : getUserProfilePictureByReviewId
2024-06-19T21:42:12.276+02:00  INFO 2824 --- [http-nio-8080-exec-2] c.EatEasy.Controllers.BookingController  : deleteBooking
2024-06-19T21:42:17.736+02:00  INFO 2824 --- [http-nio-8080-exec-1] c.E.Controllers.RestaurantController     : getRestaurantById
2024-06-19T21:42:17.738+02:00  INFO 2824 --- [http-nio-8080-exec-2] c.E.C.FavoriteRestaurantController       : Checking if restaurant with ID 42 is a favorite
2024-06-19T21:42:17.806+02:00  INFO 2824 --- [http-nio-8080-exec-7] c.EatEasy.Controllers.ReviewController   : getUserProfilePictureByReviewId
2024-06-19T21:42:17.806+02:00  INFO 2824 --- [http-nio-8080-exec-4] c.EatEasy.Controllers.ReviewController   : getUserNameByReviewId
2024-06-19T21:42:18.575+02:00  INFO 2824 --- [http-nio-8080-exec-6] c.E.Controllers.RestaurantController     : getRestaurantById
2024-06-19T21:42:30.117+02:00  INFO 2824 --- [http-nio-8080-exec-1] c.EatEasy.Controllers.BookingController  : createBooking
2024-06-19T21:42:32.620+02:00  INFO 2824 --- [http-nio-8080-exec-4] c.E.Controllers.RestaurantController     : getRestaurantById
2024-06-19T21:42:32.627+02:00  INFO 2824 --- [http-nio-8080-exec-7] c.E.C.FavoriteRestaurantController       : Checking if restaurant with ID 42 is a favorite
2024-06-19T21:42:32.688+02:00  INFO 2824 --- [http-nio-8080-exec-8] c.EatEasy.Controllers.ReviewController   : getUserNameByReviewId
2024-06-19T21:42:32.689+02:00  INFO 2824 --- [http-nio-8080-exec-9] c.EatEasy.Controllers.ReviewController   : getUserProfilePictureByReviewId
2024-06-19T21:42:35.217+02:00  INFO 2824 --- [http-nio-8080-exec-7] c.E.C.FavoriteRestaurantController       : getFavoriteRestaurantByRestaurantID
2024-06-19T21:42:35.236+02:00  INFO 2824 --- [http-nio-8080-exec-3] c.E.C.FavoriteRestaurantController       : deleteFavoriteRestaurant
2024-06-19T21:42:35.489+02:00  INFO 2824 --- [http-nio-8080-exec-9] c.E.C.FavoriteRestaurantController       : Checking if restaurant with ID 42 is a favorite
2024-06-19T21:42:35.489+02:00  INFO 2824 --- [http-nio-8080-exec-8] c.E.Controllers.RestaurantController     : getRestaurantById
2024-06-19T21:42:35.711+02:00  INFO 2824 --- [http-nio-8080-exec-5] c.EatEasy.Controllers.ReviewController   : getUserNameByReviewId
2024-06-19T21:42:35.712+02:00  INFO 2824 --- [http-nio-8080-exec-1] c.EatEasy.Controllers.ReviewController   : getUserProfilePictureByReviewId
2024-06-19T22:46:12.441+02:00  INFO 2824 --- [http-nio-8080-exec-3] c.E.Controllers.RestaurantController     : getAllRestaurants
2024-06-19T22:46:14.314+02:00  INFO 2824 --- [http-nio-8080-exec-8] c.E.Controllers.RestaurantController     : getAllRestaurants
2024-06-19T23:26:17.556+02:00  INFO 2824 --- [http-nio-8080-exec-3] c.E.Controllers.RestaurantController     : getAllRestaurants
2024-06-19T23:26:26.782+02:00  INFO 2824 --- [http-nio-8080-exec-5] c.E.Controllers.RestaurantController     : getRestaurantById
2024-06-19T23:26:26.842+02:00  INFO 2824 --- [http-nio-8080-exec-9] c.E.C.FavoriteRestaurantController       : Checking if restaurant with ID 2 is a favorite
2024-06-19T23:26:27.244+02:00  INFO 2824 --- [http-nio-8080-exec-1] c.EatEasy.Controllers.ReviewController   : getUserNameByReviewId
2024-06-19T23:26:27.415+02:00  INFO 2824 --- [http-nio-8080-exec-2] c.EatEasy.Controllers.ReviewController   : getUserNameByReviewId
2024-06-19T23:26:27.417+02:00  INFO 2824 --- [http-nio-8080-exec-4] c.EatEasy.Controllers.ReviewController   : getUserProfilePictureByReviewId
2024-06-19T23:26:27.447+02:00  INFO 2824 --- [http-nio-8080-exec-5] c.EatEasy.Controllers.ReviewController   : getUserProfilePictureByReviewId
2024-06-19T23:26:27.512+02:00  INFO 2824 --- [http-nio-8080-exec-9] c.EatEasy.Controllers.ReviewController   : getUserProfilePictureByReviewId
2024-06-19T23:26:27.525+02:00  INFO 2824 --- [http-nio-8080-exec-7] c.EatEasy.Controllers.ReviewController   : getUserNameByReviewId
2024-06-19T23:26:27.574+02:00  INFO 2824 --- [http-nio-8080-exec-10] c.EatEasy.Controllers.ReviewController   : getUserNameByReviewId
2024-06-19T23:26:27.581+02:00  INFO 2824 --- [http-nio-8080-exec-3] c.EatEasy.Controllers.ReviewController   : getUserProfilePictureByReviewId
2024-06-19T23:26:27.588+02:00  INFO 2824 --- [http-nio-8080-exec-8] c.EatEasy.Controllers.ReviewController   : getUserProfilePictureByReviewId
2024-06-19T23:26:27.623+02:00  INFO 2824 --- [http-nio-8080-exec-6] c.EatEasy.Controllers.ReviewController   : getUserNameByReviewId
2024-06-19T23:26:27.756+02:00  INFO 2824 --- [http-nio-8080-exec-5] c.EatEasy.Controllers.ReviewController   : getUserNameByReviewId
2024-06-19T23:26:27.763+02:00  INFO 2824 --- [http-nio-8080-exec-2] c.EatEasy.Controllers.ReviewController   : getUserProfilePictureByReviewId
2024-06-19T23:32:38.887+02:00  INFO 2824 --- [http-nio-8080-exec-5] c.E.Controllers.RestaurantController     : getAllRestaurants
2024-06-19T23:35:08.841+02:00  INFO 2824 --- [http-nio-8080-exec-1] c.E.Controllers.RestaurantController     : createRestaurant
2024-06-19T23:35:23.740+02:00  INFO 2824 --- [http-nio-8080-exec-8] c.E.Controllers.RestaurantController     : getAllRestaurants
2024-06-19T23:35:29.882+02:00  INFO 2824 --- [http-nio-8080-exec-7] c.E.Controllers.RestaurantController     : getRestaurantById
2024-06-19T23:35:29.885+02:00  INFO 2824 --- [http-nio-8080-exec-9] c.E.C.FavoriteRestaurantController       : Checking if restaurant with ID 43 is a favorite
2024-06-19T23:35:54.077+02:00  INFO 2824 --- [http-nio-8080-exec-8] c.E.Controllers.RestaurantController     : getAllRestaurants
2024-06-19T23:35:56.941+02:00  INFO 2824 --- [http-nio-8080-exec-2] c.E.Controllers.RestaurantController     : getRestaurantById
2024-06-19T23:35:56.943+02:00  INFO 2824 --- [http-nio-8080-exec-9] c.E.C.FavoriteRestaurantController       : Checking if restaurant with ID 43 is a favorite
2024-06-19T23:35:58.438+02:00  INFO 2824 --- [http-nio-8080-exec-4] c.E.Controllers.RestaurantController     : getAllRestaurants
2024-06-19T23:36:00.662+02:00  INFO 2824 --- [http-nio-8080-exec-10] c.E.Controllers.RestaurantController     : getRestaurantById
2024-06-19T23:36:36.173+02:00  INFO 2824 --- [http-nio-8080-exec-2] c.E.Controllers.RestaurantController     : patchGeneralRestaurant
2024-06-19T23:36:36.239+02:00  INFO 2824 --- [http-nio-8080-exec-5] c.E.Controllers.RestaurantController     : getAllRestaurants
2024-06-19T23:36:41.589+02:00  INFO 2824 --- [http-nio-8080-exec-1] c.E.Controllers.RestaurantController     : getRestaurantById
2024-06-19T23:36:41.599+02:00  INFO 2824 --- [http-nio-8080-exec-4] c.E.C.FavoriteRestaurantController       : Checking if restaurant with ID 43 is a favorite
2024-06-19T23:36:43.526+02:00  INFO 2824 --- [http-nio-8080-exec-9] c.E.C.FavoriteRestaurantController       : createFavoriteRestaurant
2024-06-19T23:36:44.011+02:00  INFO 2824 --- [http-nio-8080-exec-5] c.E.Controllers.RestaurantController     : getRestaurantById
2024-06-19T23:36:44.031+02:00  INFO 2824 --- [http-nio-8080-exec-4] c.E.C.FavoriteRestaurantController       : Checking if restaurant with ID 43 is a favorite
2024-06-19T23:36:50.203+02:00  INFO 2824 --- [http-nio-8080-exec-9] c.E.Controllers.RestaurantController     : getRestaurantById
2024-06-19T23:36:50.209+02:00  INFO 2824 --- [http-nio-8080-exec-3] c.E.C.FavoriteRestaurantController       : Checking if restaurant with ID 43 is a favorite
2024-06-19T23:38:06.654+02:00  INFO 2824 --- [http-nio-8080-exec-10] c.E.Controllers.RestaurantController     : getAllRestaurants
2024-06-19T23:38:26.440+02:00  INFO 2824 --- [http-nio-8080-exec-3] c.E.Controllers.RestaurantController     : getAllRestaurants
2024-06-19T23:38:44.470+02:00  INFO 2824 --- [http-nio-8080-exec-6] c.E.C.FavoriteRestaurantController       : Checking if restaurant with ID 43 is a favorite
2024-06-19T23:38:44.468+02:00  INFO 2824 --- [http-nio-8080-exec-1] c.E.Controllers.RestaurantController     : getRestaurantById
2024-06-19T23:38:46.201+02:00  INFO 2824 --- [http-nio-8080-exec-3] c.E.Controllers.RestaurantController     : getAllRestaurants
2024-06-19T23:39:07.927+02:00  INFO 2824 --- [http-nio-8080-exec-9] c.E.Controllers.RestaurantController     : getAllRestaurants
2024-06-19T23:39:29.629+02:00  INFO 2824 --- [http-nio-8080-exec-5] c.E.Controllers.RestaurantController     : getAllRestaurants
2024-06-19T23:39:30.634+02:00  INFO 2824 --- [http-nio-8080-exec-6] c.E.Controllers.RestaurantController     : getRestaurantById
2024-06-19T23:39:34.061+02:00  INFO 2824 --- [http-nio-8080-exec-7] c.E.Controllers.RestaurantController     : getRestaurantById
2024-06-19T23:39:39.935+02:00  INFO 2824 --- [http-nio-8080-exec-4] c.E.Controllers.RestaurantController     : getAllRestaurants
2024-06-19T23:39:50.394+02:00  INFO 2824 --- [http-nio-8080-exec-6] c.E.Controllers.RestaurantController     : getRestaurantById
2024-06-19T23:40:19.123+02:00  INFO 2824 --- [http-nio-8080-exec-10] c.E.Controllers.RestaurantController     : getAllRestaurants
2024-06-19T23:40:23.104+02:00  INFO 2824 --- [http-nio-8080-exec-3] c.E.C.FavoriteRestaurantController       : Checking if restaurant with ID 43 is a favorite
2024-06-19T23:40:23.104+02:00  INFO 2824 --- [http-nio-8080-exec-7] c.E.Controllers.RestaurantController     : getRestaurantById
2024-06-19T23:40:30.625+02:00  INFO 2824 --- [http-nio-8080-exec-4] c.E.C.FavoriteRestaurantController       : getFavoriteRestaurantByRestaurantID
2024-06-19T23:40:30.643+02:00  INFO 2824 --- [http-nio-8080-exec-1] c.E.C.FavoriteRestaurantController       : deleteFavoriteRestaurant
2024-06-19T23:40:31.022+02:00  INFO 2824 --- [http-nio-8080-exec-10] c.E.Controllers.RestaurantController     : getRestaurantById
2024-06-19T23:40:31.032+02:00  INFO 2824 --- [http-nio-8080-exec-3] c.E.C.FavoriteRestaurantController       : Checking if restaurant with ID 43 is a favorite
2024-06-19T23:40:34.848+02:00  INFO 2824 --- [http-nio-8080-exec-9] c.E.C.FavoriteRestaurantController       : createFavoriteRestaurant
2024-06-19T23:40:35.205+02:00  INFO 2824 --- [http-nio-8080-exec-4] c.E.Controllers.RestaurantController     : getRestaurantById
2024-06-19T23:40:35.211+02:00  INFO 2824 --- [http-nio-8080-exec-5] c.E.C.FavoriteRestaurantController       : Checking if restaurant with ID 43 is a favorite
2024-06-19T23:40:50.083+02:00  INFO 2824 --- [http-nio-8080-exec-10] c.EatEasy.Controllers.ReviewController   : createReview
2024-06-19T23:40:50.589+02:00  INFO 2824 --- [http-nio-8080-exec-7] c.E.Controllers.RestaurantController     : getRestaurantById
2024-06-19T23:40:50.607+02:00  INFO 2824 --- [http-nio-8080-exec-9] c.E.C.FavoriteRestaurantController       : Checking if restaurant with ID 43 is a favorite
2024-06-19T23:40:51.004+02:00  INFO 2824 --- [http-nio-8080-exec-3] c.EatEasy.Controllers.ReviewController   : getUserNameByReviewId
2024-06-19T23:40:51.008+02:00  INFO 2824 --- [http-nio-8080-exec-1] c.EatEasy.Controllers.ReviewController   : getUserProfilePictureByReviewId
2024-06-19T23:41:11.770+02:00  INFO 2824 --- [http-nio-8080-exec-8] c.E.Controllers.RestaurantController     : getRestaurantById
2024-06-19T23:56:25.226+02:00  INFO 2824 --- [http-nio-8080-exec-3] c.E.Controllers.RestaurantController     : getRestaurantById
2024-06-19T23:56:53.534+02:00  INFO 2824 --- [http-nio-8080-exec-9] c.E.Controllers.RestaurantController     : getAllRestaurants
2024-06-19T23:56:56.322+02:00  INFO 2824 --- [http-nio-8080-exec-4] c.E.Controllers.RestaurantController     : getRestaurantById
2024-06-19T23:56:56.332+02:00  INFO 2824 --- [http-nio-8080-exec-6] c.E.C.FavoriteRestaurantController       : Checking if restaurant with ID 1 is a favorite
